<?xml version="1.0" encoding="UTF-8"?>
<testsuite xmlns:xsi="http://www.w3.org/2001/XMLSchema-instance" xsi:noNamespaceSchemaLocation="https://maven.apache.org/surefire/maven-surefire-plugin/xsd/surefire-test-report.xsd" name="CreateCustomerTest" time="4.905" tests="5" errors="0" skipped="0" failures="0">
  <properties>
    <property name="java.specification.version" value="17"/>
    <property name="sun.jnu.encoding" value="UTF-8"/>
    <property name="java.class.path" value="/Users/zlatapavlova/Desktop/Diplom_2/target/test-classes:/Users/zlatapavlova/Desktop/Diplom_2/target/classes:/Users/zlatapavlova/.m2/repository/junit/junit/4.13.2/junit-4.13.2.jar:/Users/zlatapavlova/.m2/repository/org/hamcrest/hamcrest-core/1.3/hamcrest-core-1.3.jar:/Users/zlatapavlova/.m2/repository/io/rest-assured/rest-assured/5.1.1/rest-assured-5.1.1.jar:/Users/zlatapavlova/.m2/repository/org/apache/groovy/groovy/4.0.1/groovy-4.0.1.jar:/Users/zlatapavlova/.m2/repository/org/apache/groovy/groovy-xml/4.0.1/groovy-xml-4.0.1.jar:/Users/zlatapavlova/.m2/repository/org/apache/httpcomponents/httpclient/4.5.13/httpclient-4.5.13.jar:/Users/zlatapavlova/.m2/repository/org/apache/httpcomponents/httpcore/4.4.13/httpcore-4.4.13.jar:/Users/zlatapavlova/.m2/repository/commons-logging/commons-logging/1.2/commons-logging-1.2.jar:/Users/zlatapavlova/.m2/repository/commons-codec/commons-codec/1.11/commons-codec-1.11.jar:/Users/zlatapavlova/.m2/repository/org/apache/httpcomponents/httpmime/4.5.13/httpmime-4.5.13.jar:/Users/zlatapavlova/.m2/repository/org/hamcrest/hamcrest/2.1/hamcrest-2.1.jar:/Users/zlatapavlova/.m2/repository/org/ccil/cowan/tagsoup/tagsoup/1.2.1/tagsoup-1.2.1.jar:/Users/zlatapavlova/.m2/repository/io/rest-assured/json-path/5.1.1/json-path-5.1.1.jar:/Users/zlatapavlova/.m2/repository/org/apache/groovy/groovy-json/4.0.1/groovy-json-4.0.1.jar:/Users/zlatapavlova/.m2/repository/io/rest-assured/rest-assured-common/5.1.1/rest-assured-common-5.1.1.jar:/Users/zlatapavlova/.m2/repository/io/rest-assured/xml-path/5.1.1/xml-path-5.1.1.jar:/Users/zlatapavlova/.m2/repository/org/apache/commons/commons-lang3/3.11/commons-lang3-3.11.jar:/Users/zlatapavlova/.m2/repository/com/google/code/gson/gson/2.9.0/gson-2.9.0.jar:/Users/zlatapavlova/.m2/repository/io/qameta/allure/allure-junit4/2.19.0/allure-junit4-2.19.0.jar:/Users/zlatapavlova/.m2/repository/io/qameta/allure/allure-java-commons/2.19.0/allure-java-commons-2.19.0.jar:/Users/zlatapavlova/.m2/repository/org/slf4j/slf4j-api/1.7.30/slf4j-api-1.7.30.jar:/Users/zlatapavlova/.m2/repository/io/qameta/allure/allure-model/2.19.0/allure-model-2.19.0.jar:/Users/zlatapavlova/.m2/repository/io/qameta/allure/allure-rest-assured/2.19.0/allure-rest-assured-2.19.0.jar:/Users/zlatapavlova/.m2/repository/io/qameta/allure/allure-attachments/2.19.0/allure-attachments-2.19.0.jar:/Users/zlatapavlova/.m2/repository/org/freemarker/freemarker/2.3.31/freemarker-2.3.31.jar:"/>
    <property name="java.vm.vendor" value="Oracle Corporation"/>
    <property name="sun.arch.data.model" value="64"/>
    <property name="java.vendor.url" value="https://java.oracle.com/"/>
    <property name="os.name" value="Mac OS X"/>
    <property name="java.vm.specification.version" value="17"/>
    <property name="sun.java.launcher" value="SUN_STANDARD"/>
    <property name="user.country" value="RU"/>
    <property name="sun.boot.library.path" value="/Users/zlatapavlova/Downloads/jdk-17.0.2.jdk/Contents/Home/lib"/>
    <property name="sun.java.command" value="/Users/zlatapavlova/Desktop/Diplom_2/target/surefire/surefirebooter11188429874853842114.jar /Users/zlatapavlova/Desktop/Diplom_2/target/surefire 2022-09-12T12-47-06_207-jvmRun1 surefire4974755948141336807tmp surefire_015353303720122281577tmp"/>
    <property name="http.nonProxyHosts" value="local|*.local|169.254/16|*.169.254/16"/>
    <property name="jdk.debug" value="release"/>
    <property name="surefire.test.class.path" value="/Users/zlatapavlova/Desktop/Diplom_2/target/test-classes:/Users/zlatapavlova/Desktop/Diplom_2/target/classes:/Users/zlatapavlova/.m2/repository/junit/junit/4.13.2/junit-4.13.2.jar:/Users/zlatapavlova/.m2/repository/org/hamcrest/hamcrest-core/1.3/hamcrest-core-1.3.jar:/Users/zlatapavlova/.m2/repository/io/rest-assured/rest-assured/5.1.1/rest-assured-5.1.1.jar:/Users/zlatapavlova/.m2/repository/org/apache/groovy/groovy/4.0.1/groovy-4.0.1.jar:/Users/zlatapavlova/.m2/repository/org/apache/groovy/groovy-xml/4.0.1/groovy-xml-4.0.1.jar:/Users/zlatapavlova/.m2/repository/org/apache/httpcomponents/httpclient/4.5.13/httpclient-4.5.13.jar:/Users/zlatapavlova/.m2/repository/org/apache/httpcomponents/httpcore/4.4.13/httpcore-4.4.13.jar:/Users/zlatapavlova/.m2/repository/commons-logging/commons-logging/1.2/commons-logging-1.2.jar:/Users/zlatapavlova/.m2/repository/commons-codec/commons-codec/1.11/commons-codec-1.11.jar:/Users/zlatapavlova/.m2/repository/org/apache/httpcomponents/httpmime/4.5.13/httpmime-4.5.13.jar:/Users/zlatapavlova/.m2/repository/org/hamcrest/hamcrest/2.1/hamcrest-2.1.jar:/Users/zlatapavlova/.m2/repository/org/ccil/cowan/tagsoup/tagsoup/1.2.1/tagsoup-1.2.1.jar:/Users/zlatapavlova/.m2/repository/io/rest-assured/json-path/5.1.1/json-path-5.1.1.jar:/Users/zlatapavlova/.m2/repository/org/apache/groovy/groovy-json/4.0.1/groovy-json-4.0.1.jar:/Users/zlatapavlova/.m2/repository/io/rest-assured/rest-assured-common/5.1.1/rest-assured-common-5.1.1.jar:/Users/zlatapavlova/.m2/repository/io/rest-assured/xml-path/5.1.1/xml-path-5.1.1.jar:/Users/zlatapavlova/.m2/repository/org/apache/commons/commons-lang3/3.11/commons-lang3-3.11.jar:/Users/zlatapavlova/.m2/repository/com/google/code/gson/gson/2.9.0/gson-2.9.0.jar:/Users/zlatapavlova/.m2/repository/io/qameta/allure/allure-junit4/2.19.0/allure-junit4-2.19.0.jar:/Users/zlatapavlova/.m2/repository/io/qameta/allure/allure-java-commons/2.19.0/allure-java-commons-2.19.0.jar:/Users/zlatapavlova/.m2/repository/org/slf4j/slf4j-api/1.7.30/slf4j-api-1.7.30.jar:/Users/zlatapavlova/.m2/repository/io/qameta/allure/allure-model/2.19.0/allure-model-2.19.0.jar:/Users/zlatapavlova/.m2/repository/io/qameta/allure/allure-rest-assured/2.19.0/allure-rest-assured-2.19.0.jar:/Users/zlatapavlova/.m2/repository/io/qameta/allure/allure-attachments/2.19.0/allure-attachments-2.19.0.jar:/Users/zlatapavlova/.m2/repository/org/freemarker/freemarker/2.3.31/freemarker-2.3.31.jar:"/>
    <property name="allure.results.directory" value="/Users/zlatapavlova/Desktop/Diplom_2/target/allure-results"/>
    <property name="sun.cpu.endian" value="little"/>
    <property name="user.home" value="/Users/zlatapavlova"/>
    <property name="user.language" value="ru"/>
    <property name="java.specification.vendor" value="Oracle Corporation"/>
    <property name="java.version.date" value="2022-01-18"/>
    <property name="java.home" value="/Users/zlatapavlova/Downloads/jdk-17.0.2.jdk/Contents/Home"/>
    <property name="file.separator" value="/"/>
    <property name="basedir" value="/Users/zlatapavlova/Desktop/Diplom_2"/>
    <property name="java.vm.compressedOopsMode" value="Zero based"/>
    <property name="line.separator" value="&#10;"/>
    <property name="java.vm.specification.vendor" value="Oracle Corporation"/>
    <property name="java.specification.name" value="Java Platform API Specification"/>
    <property name="surefire.real.class.path" value="/Users/zlatapavlova/Desktop/Diplom_2/target/surefire/surefirebooter11188429874853842114.jar"/>
    <property name="sun.management.compiler" value="HotSpot 64-Bit Tiered Compilers"/>
    <property name="ftp.nonProxyHosts" value="local|*.local|169.254/16|*.169.254/16"/>
    <property name="java.runtime.version" value="17.0.2+8-86"/>
    <property name="user.name" value="zlatapavlova"/>
    <property name="path.separator" value=":"/>
    <property name="os.version" value="12.1"/>
    <property name="java.runtime.name" value="OpenJDK Runtime Environment"/>
    <property name="file.encoding" value="UTF-8"/>
    <property name="java.vm.name" value="OpenJDK 64-Bit Server VM"/>
    <property name="localRepository" value="/Users/zlatapavlova/.m2/repository"/>
    <property name="java.vendor.url.bug" value="https://bugreport.java.com/bugreport/"/>
    <property name="java.io.tmpdir" value="/var/folders/g_/06qkb01s3h7g13fmg62b4q4h0000gn/T/"/>
    <property name="idea.version" value="2022.2"/>
    <property name="java.version" value="17.0.2"/>
    <property name="user.dir" value="/Users/zlatapavlova/Desktop/Diplom_2"/>
    <property name="os.arch" value="x86_64"/>
    <property name="java.vm.specification.name" value="Java Virtual Machine Specification"/>
    <property name="native.encoding" value="UTF-8"/>
    <property name="java.library.path" value="/Users/zlatapavlova/Library/Java/Extensions:/Library/Java/Extensions:/Network/Library/Java/Extensions:/System/Library/Java/Extensions:/usr/lib/java:."/>
    <property name="java.vm.info" value="mixed mode, sharing"/>
    <property name="java.vendor" value="Oracle Corporation"/>
    <property name="java.vm.version" value="17.0.2+8-86"/>
    <property name="sun.io.unicode.encoding" value="UnicodeBig"/>
    <property name="socksNonProxyHosts" value="local|*.local|169.254/16|*.169.254/16"/>
    <property name="java.class.version" value="61.0"/>
  </properties>
  <testcase name="createCorrectCustomer" classname="CreateCustomerTest" time="0.936"/>
  <testcase name="createDoubleCustomerReturnWrong" classname="CreateCustomerTest" time="1.391"/>
  <testcase name="createCustomerWithEmptyFieldNameReturnWrong" classname="CreateCustomerTest" time="0.889"/>
  <testcase name="createCustomerWithEmptyFieldPasswordReturnWrong" classname="CreateCustomerTest" time="0.682"/>
  <testcase name="createCustomerWithEmptyFieldEmailReturnWrong" classname="CreateCustomerTest" time="0.986"/>
</testsuite>